info it worked if it ends with ok
verbose cli [ 'node', '/usr/bin/npm', 'link' ]
info using npm@1.0.106
info using node@v0.6.5
verbose config file /home/andrew/.npmrc
verbose config file /usr/etc/npmrc
verbose config file /usr/lib/node_modules/npm/npmrc
ERR! Error: ENOENT, no such file or directory '/home/andrew/Documents/web/NodeJS-fun/package.json'
ERR! Report this *entire* log at:
ERR!     <http://github.com/isaacs/npm/issues>
ERR! or email it to:
ERR!     <npm-@googlegroups.com>
ERR! 
ERR! System Linux 2.6.32-33-generic
ERR! command "node" "/usr/bin/npm" "link"
ERR! cwd /home/andrew/Documents/web/NodeJS-fun
ERR! node -v v0.6.5
ERR! npm -v 1.0.106
ERR! path /home/andrew/Documents/web/NodeJS-fun/package.json
ERR! code ENOENT
verbose exit [ 1, true ]
